<?xml version="1.0" encoding="UTF-8"?>
<coverage generated="1459829413933" clover="3.2.0">
	<project timestamp="1459829413933"  name="All Files" >
		<metrics statements="62"  coveredstatements="25"  conditionals="26"  coveredconditionals="0"  methods="14"  coveredmethods="2"  elements="102"  coveredelements="27"  complexity="0"  packages="2"  files="3"  classes="3"  loc="225"  ncloc="225" />
		<package name="controllers" >
			<metrics statements="26"  coveredstatements="6"  conditionals="18"  coveredconditionals="0"  methods="5"  coveredmethods="0" />
			<file name="User.js"  path="/Users/benjaminwilcox/Projects/active/Drawing/server/controllers/User.js" >
				<metrics statements="26"  coveredstatements="6"  conditionals="18"  coveredconditionals="0"  methods="5"  coveredmethods="0" />
				<line num="1"  count="1"  type="stmt" />
				<line num="2"  count="1"  type="stmt" />
				<line num="12"  count="1"  type="stmt" />
				<line num="13"  count="0"  type="cond"  truecount="0"  falsecount="4" />
				<line num="14"  count="0"  type="stmt" />
				<line num="16"  count="0"  type="stmt" />
				<line num="17"  count="0"  type="cond"  truecount="0"  falsecount="4" />
				<line num="18"  count="0"  type="stmt" />
				<line num="20"  count="0"  type="stmt" />
				<line num="21"  count="0"  type="stmt" />
				<line num="35"  count="1"  type="stmt" />
				<line num="36"  count="0"  type="cond"  truecount="0"  falsecount="6" />
				<line num="40"  count="0"  type="stmt" />
				<line num="42"  count="0"  type="cond"  truecount="0"  falsecount="2" />
				<line num="43"  count="0"  type="stmt" />
				<line num="45"  count="0"  type="stmt" />
				<line num="46"  count="0"  type="stmt" />
				<line num="52"  count="0"  type="stmt" />
				<line num="53"  count="0"  type="stmt" />
				<line num="54"  count="0"  type="cond"  truecount="0"  falsecount="2" />
				<line num="55"  count="0"  type="stmt" />
				<line num="56"  count="0"  type="stmt" />
				<line num="58"  count="0"  type="stmt" />
				<line num="59"  count="0"  type="stmt" />
				<line num="65"  count="1"  type="stmt" />
				<line num="66"  count="1"  type="stmt" />
			</file>
		</package>
		<package name="models" >
			<metrics statements="36"  coveredstatements="19"  conditionals="8"  coveredconditionals="0"  methods="9"  coveredmethods="2" />
			<file name="User.js"  path="/Users/benjaminwilcox/Projects/active/Drawing/server/models/User.js" >
				<metrics statements="35"  coveredstatements="18"  conditionals="8"  coveredconditionals="0"  methods="9"  coveredmethods="2" />
				<line num="1"  count="1"  type="stmt" />
				<line num="2"  count="1"  type="stmt" />
				<line num="3"  count="1"  type="stmt" />
				<line num="4"  count="1"  type="stmt" />
				<line num="5"  count="1"  type="stmt" />
				<line num="7"  count="1"  type="stmt" />
				<line num="34"  count="1"  type="stmt" />
				<line num="62"  count="1"  type="stmt" />
				<line num="63"  count="0"  type="stmt" />
				<line num="79"  count="1"  type="stmt" />
				<line num="80"  count="0"  type="stmt" />
				<line num="81"  count="0"  type="stmt" />
				<line num="82"  count="0"  type="cond"  truecount="0"  falsecount="2" />
				<line num="83"  count="0"  type="stmt" />
				<line num="85"  count="0"  type="stmt" />
				<line num="93"  count="1"  type="stmt" />
				<line num="94"  count="0"  type="stmt" />
				<line num="97"  count="0"  type="stmt" />
				<line num="106"  count="1"  type="stmt" />
				<line num="107"  count="2"  type="stmt" />
				<line num="108"  count="2"  type="stmt" />
				<line num="109"  count="2"  type="stmt" />
				<line num="131"  count="1"  type="stmt" />
				<line num="132"  count="0"  type="stmt" />
				<line num="134"  count="0"  type="cond"  truecount="0"  falsecount="2" />
				<line num="135"  count="0"  type="stmt" />
				<line num="138"  count="0"  type="cond"  truecount="0"  falsecount="2" />
				<line num="139"  count="0"  type="stmt" />
				<line num="141"  count="0"  type="stmt" />
				<line num="142"  count="0"  type="cond"  truecount="0"  falsecount="2" />
				<line num="143"  count="0"  type="stmt" />
				<line num="145"  count="0"  type="stmt" />
				<line num="154"  count="1"  type="stmt" />
				<line num="157"  count="1"  type="stmt" />
				<line num="158"  count="1"  type="stmt" />
			</file>
			<file name="index.js"  path="/Users/benjaminwilcox/Projects/active/Drawing/server/models/index.js" >
				<metrics statements="1"  coveredstatements="1"  conditionals="0"  coveredconditionals="0"  methods="0"  coveredmethods="0" />
				<line num="1"  count="1"  type="stmt" />
			</file>
		</package>
	</project>
</coverage>
