{"/Users/benjaminwilcox/Projects/active/Drawing/server/models/User.js":{"path":"/Users/benjaminwilcox/Projects/active/Drawing/server/models/User.js","s":{"1":1,"2":1,"3":1,"4":1,"5":1,"6":1,"7":1,"8":1,"9":0,"10":1,"11":0,"12":0,"13":0,"14":0,"15":0,"16":1,"17":0,"18":0,"19":1,"20":2,"21":2,"22":2,"23":1,"24":0,"25":0,"26":0,"27":0,"28":0,"29":0,"30":0,"31":0,"32":0,"33":1,"34":1,"35":1},"b":{"1":[0,0],"2":[0,0],"3":[0,0],"4":[0,0]},"f":{"1":0,"2":0,"3":0,"4":0,"5":2,"6":2,"7":0,"8":0,"9":0},"fnMap":{"1":{"name":"(anonymous_1)","line":62,"loc":{"start":{"line":62,"column":27},"end":{"line":62,"column":38}}},"2":{"name":"(anonymous_2)","line":79,"loc":{"start":{"line":79,"column":38},"end":{"line":79,"column":67}}},"3":{"name":"(anonymous_3)","line":81,"loc":{"start":{"line":81,"column":62},"end":{"line":81,"column":82}}},"4":{"name":"(anonymous_4)","line":93,"loc":{"start":{"line":93,"column":36},"end":{"line":93,"column":62}}},"5":{"name":"(anonymous_5)","line":106,"loc":{"start":{"line":106,"column":34},"end":{"line":106,"column":63}}},"6":{"name":"(anonymous_6)","line":108,"loc":{"start":{"line":108,"column":57},"end":{"line":108,"column":76}}},"7":{"name":"(anonymous_7)","line":131,"loc":{"start":{"line":131,"column":34},"end":{"line":131,"column":73}}},"8":{"name":"(anonymous_8)","line":132,"loc":{"start":{"line":132,"column":46},"end":{"line":132,"column":65}}},"9":{"name":"(anonymous_9)","line":141,"loc":{"start":{"line":141,"column":39},"end":{"line":141,"column":56}}}},"statementMap":{"1":{"start":{"line":1,"column":0},"end":{"line":1,"column":35}},"2":{"start":{"line":2,"column":0},"end":{"line":2,"column":31}},"3":{"start":{"line":3,"column":0},"end":{"line":3,"column":23}},"4":{"start":{"line":4,"column":0},"end":{"line":4,"column":20}},"5":{"start":{"line":5,"column":0},"end":{"line":5,"column":19}},"6":{"start":{"line":7,"column":0},"end":{"line":7,"column":14}},"7":{"start":{"line":34,"column":0},"end":{"line":55,"column":3}},"8":{"start":{"line":62,"column":0},"end":{"line":68,"column":2}},"9":{"start":{"line":63,"column":4},"end":{"line":67,"column":5}},"10":{"start":{"line":79,"column":0},"end":{"line":87,"column":2}},"11":{"start":{"line":80,"column":4},"end":{"line":80,"column":29}},"12":{"start":{"line":81,"column":4},"end":{"line":86,"column":7}},"13":{"start":{"line":82,"column":8},"end":{"line":84,"column":9}},"14":{"start":{"line":83,"column":12},"end":{"line":83,"column":35}},"15":{"start":{"line":85,"column":8},"end":{"line":85,"column":30}},"16":{"start":{"line":93,"column":0},"end":{"line":98,"column":2}},"17":{"start":{"line":94,"column":4},"end":{"line":96,"column":6}},"18":{"start":{"line":97,"column":4},"end":{"line":97,"column":47}},"19":{"start":{"line":106,"column":0},"end":{"line":111,"column":2}},"20":{"start":{"line":107,"column":4},"end":{"line":107,"column":46}},"21":{"start":{"line":108,"column":4},"end":{"line":110,"column":7}},"22":{"start":{"line":109,"column":8},"end":{"line":109,"column":52}},"23":{"start":{"line":131,"column":0},"end":{"line":148,"column":2}},"24":{"start":{"line":132,"column":4},"end":{"line":147,"column":7}},"25":{"start":{"line":134,"column":8},"end":{"line":136,"column":9}},"26":{"start":{"line":135,"column":12},"end":{"line":135,"column":33}},"27":{"start":{"line":138,"column":8},"end":{"line":140,"column":9}},"28":{"start":{"line":139,"column":12},"end":{"line":139,"column":30}},"29":{"start":{"line":141,"column":8},"end":{"line":146,"column":11}},"30":{"start":{"line":142,"column":12},"end":{"line":144,"column":13}},"31":{"start":{"line":143,"column":16},"end":{"line":143,"column":43}},"32":{"start":{"line":145,"column":12},"end":{"line":145,"column":30}},"33":{"start":{"line":154,"column":0},"end":{"line":154,"column":47}},"34":{"start":{"line":157,"column":0},"end":{"line":157,"column":33}},"35":{"start":{"line":158,"column":0},"end":{"line":158,"column":35}}},"branchMap":{"1":{"line":82,"type":"if","locations":[{"start":{"line":82,"column":8},"end":{"line":82,"column":8}},{"start":{"line":82,"column":8},"end":{"line":82,"column":8}}]},"2":{"line":134,"type":"if","locations":[{"start":{"line":134,"column":8},"end":{"line":134,"column":8}},{"start":{"line":134,"column":8},"end":{"line":134,"column":8}}]},"3":{"line":138,"type":"if","locations":[{"start":{"line":138,"column":8},"end":{"line":138,"column":8}},{"start":{"line":138,"column":8},"end":{"line":138,"column":8}}]},"4":{"line":142,"type":"if","locations":[{"start":{"line":142,"column":12},"end":{"line":142,"column":12}},{"start":{"line":142,"column":12},"end":{"line":142,"column":12}}]}}},"/Users/benjaminwilcox/Projects/active/Drawing/server/controllers/User.js":{"path":"/Users/benjaminwilcox/Projects/active/Drawing/server/controllers/User.js","s":{"1":1,"2":1,"3":1,"4":0,"5":0,"6":0,"7":0,"8":0,"9":0,"10":0,"11":1,"12":0,"13":0,"14":0,"15":0,"16":0,"17":0,"18":0,"19":0,"20":0,"21":0,"22":0,"23":0,"24":0,"25":1,"26":1},"b":{"1":[0,0],"2":[0,0],"3":[0,0],"4":[0,0],"5":[0,0],"6":[0,0,0,0],"7":[0,0],"8":[0,0]},"f":{"1":0,"2":0,"3":0,"4":0,"5":0},"fnMap":{"1":{"name":"(anonymous_1)","line":12,"loc":{"start":{"line":12,"column":12},"end":{"line":12,"column":31}}},"2":{"name":"(anonymous_2)","line":16,"loc":{"start":{"line":16,"column":66},"end":{"line":16,"column":89}}},"3":{"name":"(anonymous_3)","line":35,"loc":{"start":{"line":35,"column":13},"end":{"line":35,"column":32}}},"4":{"name":"(anonymous_4)","line":45,"loc":{"start":{"line":45,"column":47},"end":{"line":45,"column":68}}},"5":{"name":"(anonymous_5)","line":53,"loc":{"start":{"line":53,"column":21},"end":{"line":53,"column":35}}}},"statementMap":{"1":{"start":{"line":1,"column":0},"end":{"line":1,"column":34}},"2":{"start":{"line":2,"column":0},"end":{"line":2,"column":23}},"3":{"start":{"line":12,"column":0},"end":{"line":23,"column":2}},"4":{"start":{"line":13,"column":4},"end":{"line":15,"column":5}},"5":{"start":{"line":14,"column":8},"end":{"line":14,"column":65}},"6":{"start":{"line":16,"column":4},"end":{"line":22,"column":7}},"7":{"start":{"line":17,"column":8},"end":{"line":19,"column":9}},"8":{"start":{"line":18,"column":12},"end":{"line":18,"column":67}},"9":{"start":{"line":20,"column":8},"end":{"line":20,"column":46}},"10":{"start":{"line":21,"column":8},"end":{"line":21,"column":46}},"11":{"start":{"line":35,"column":0},"end":{"line":62,"column":1}},"12":{"start":{"line":36,"column":4},"end":{"line":41,"column":5}},"13":{"start":{"line":40,"column":8},"end":{"line":40,"column":72}},"14":{"start":{"line":42,"column":4},"end":{"line":44,"column":5}},"15":{"start":{"line":43,"column":8},"end":{"line":43,"column":70}},"16":{"start":{"line":45,"column":4},"end":{"line":61,"column":7}},"17":{"start":{"line":46,"column":8},"end":{"line":51,"column":10}},"18":{"start":{"line":52,"column":8},"end":{"line":52,"column":47}},"19":{"start":{"line":53,"column":8},"end":{"line":60,"column":11}},"20":{"start":{"line":54,"column":12},"end":{"line":57,"column":13}},"21":{"start":{"line":55,"column":16},"end":{"line":55,"column":35}},"22":{"start":{"line":56,"column":16},"end":{"line":56,"column":115}},"23":{"start":{"line":58,"column":12},"end":{"line":58,"column":50}},"24":{"start":{"line":59,"column":12},"end":{"line":59,"column":50}},"25":{"start":{"line":65,"column":0},"end":{"line":65,"column":31}},"26":{"start":{"line":66,"column":0},"end":{"line":66,"column":29}}},"branchMap":{"1":{"line":13,"type":"if","locations":[{"start":{"line":13,"column":4},"end":{"line":13,"column":4}},{"start":{"line":13,"column":4},"end":{"line":13,"column":4}}]},"2":{"line":13,"type":"binary-expr","locations":[{"start":{"line":13,"column":8},"end":{"line":13,"column":26}},{"start":{"line":13,"column":30},"end":{"line":13,"column":48}}]},"3":{"line":17,"type":"if","locations":[{"start":{"line":17,"column":8},"end":{"line":17,"column":8}},{"start":{"line":17,"column":8},"end":{"line":17,"column":8}}]},"4":{"line":17,"type":"binary-expr","locations":[{"start":{"line":17,"column":12},"end":{"line":17,"column":15}},{"start":{"line":17,"column":19},"end":{"line":17,"column":27}}]},"5":{"line":36,"type":"if","locations":[{"start":{"line":36,"column":4},"end":{"line":36,"column":4}},{"start":{"line":36,"column":4},"end":{"line":36,"column":4}}]},"6":{"line":36,"type":"binary-expr","locations":[{"start":{"line":36,"column":8},"end":{"line":36,"column":26}},{"start":{"line":37,"column":8},"end":{"line":37,"column":22}},{"start":{"line":38,"column":8},"end":{"line":38,"column":26}},{"start":{"line":39,"column":8},"end":{"line":39,"column":31}}]},"7":{"line":42,"type":"if","locations":[{"start":{"line":42,"column":4},"end":{"line":42,"column":4}},{"start":{"line":42,"column":4},"end":{"line":42,"column":4}}]},"8":{"line":54,"type":"if","locations":[{"start":{"line":54,"column":12},"end":{"line":54,"column":12}},{"start":{"line":54,"column":12},"end":{"line":54,"column":12}}]}}},"/Users/benjaminwilcox/Projects/active/Drawing/server/models/index.js":{"path":"/Users/benjaminwilcox/Projects/active/Drawing/server/models/index.js","s":{"1":1},"b":{},"f":{},"fnMap":{},"statementMap":{"1":{"start":{"line":1,"column":0},"end":{"line":1,"column":43}}},"branchMap":{}}}