{
"/Users/benjaminwilcox/Projects/active/Drawing/src/js/components/canvas.jsx":{"path":"/Users/benjaminwilcox/Projects/active/Drawing/src/js/components/canvas.jsx","s":{"1":1,"2":1,"3":1,"4":0,"5":1,"6":1},"b":{},"f":{"1":0,"2":1},"fnMap":{"1":{"name":"testFunc","line":150,"loc":{"start":{"line":150,"column":14},"end":{"line":150,"column":58}}},"2":{"name":"render","line":153,"loc":{"start":{"line":153,"column":12},"end":{"line":153,"column":54}}}},"statementMap":{"1":{"start":{"line":146,"column":0},"end":{"line":146,"column":29},"skip":true},"2":{"start":{"line":147,"column":0},"end":{"line":147,"column":36}},"3":{"start":{"line":149,"column":0},"end":{"line":159,"column":52}},"4":{"start":{"line":151,"column":8},"end":{"line":151,"column":31}},"5":{"start":{"line":154,"column":8},"end":{"line":159,"column":47}},"6":{"start":{"line":167,"column":0},"end":{"line":167,"column":31}}},"branchMap":{},"l":{"146":1,"147":1,"149":1,"151":0,"154":1,"167":1}}}
