TN:
SF:/Users/benjaminwilcox/Projects/active/Drawing/server/models/User.js
FN:62,(anonymous_1)
FN:79,(anonymous_2)
FN:81,(anonymous_3)
FN:93,(anonymous_4)
FN:106,(anonymous_5)
FN:108,(anonymous_6)
FN:131,(anonymous_7)
FN:132,(anonymous_8)
FN:141,(anonymous_9)
FNF:9
FNH:4
FNDA:0,(anonymous_1)
FNDA:1,(anonymous_2)
FNDA:1,(anonymous_3)
FNDA:0,(anonymous_4)
FNDA:3,(anonymous_5)
FNDA:3,(anonymous_6)
FNDA:0,(anonymous_7)
FNDA:0,(anonymous_8)
FNDA:0,(anonymous_9)
DA:1,1
DA:2,1
DA:3,1
DA:4,1
DA:5,1
DA:7,1
DA:34,1
DA:62,1
DA:63,0
DA:79,1
DA:80,1
DA:81,1
DA:82,1
DA:83,0
DA:85,1
DA:93,1
DA:94,0
DA:97,0
DA:106,1
DA:107,3
DA:108,3
DA:109,3
DA:131,1
DA:132,0
DA:134,0
DA:135,0
DA:138,0
DA:139,0
DA:141,0
DA:142,0
DA:143,0
DA:145,0
DA:154,1
DA:157,1
DA:158,1
LF:35
LH:22
BRDA:82,1,0,0
BRDA:82,1,1,1
BRDA:134,2,0,0
BRDA:134,2,1,0
BRDA:138,3,0,0
BRDA:138,3,1,0
BRDA:142,4,0,0
BRDA:142,4,1,0
BRF:8
BRH:1
end_of_record
TN:
SF:/Users/benjaminwilcox/Projects/active/Drawing/server/controllers/User.js
FN:12,(anonymous_1)
FN:16,(anonymous_2)
FN:35,(anonymous_3)
FN:45,(anonymous_4)
FN:53,(anonymous_5)
FNF:5
FNH:0
FNDA:0,(anonymous_1)
FNDA:0,(anonymous_2)
FNDA:0,(anonymous_3)
FNDA:0,(anonymous_4)
FNDA:0,(anonymous_5)
DA:1,1
DA:2,1
DA:12,1
DA:13,0
DA:14,0
DA:16,0
DA:17,0
DA:18,0
DA:20,0
DA:21,0
DA:35,1
DA:36,0
DA:40,0
DA:42,0
DA:43,0
DA:45,0
DA:46,0
DA:52,0
DA:53,0
DA:54,0
DA:55,0
DA:56,0
DA:58,0
DA:59,0
DA:65,1
DA:66,1
LF:26
LH:6
BRDA:13,1,0,0
BRDA:13,1,1,0
BRDA:13,2,0,0
BRDA:13,2,1,0
BRDA:17,3,0,0
BRDA:17,3,1,0
BRDA:17,4,0,0
BRDA:17,4,1,0
BRDA:36,5,0,0
BRDA:36,5,1,0
BRDA:36,6,0,0
BRDA:36,6,1,0
BRDA:36,6,2,0
BRDA:36,6,3,0
BRDA:42,7,0,0
BRDA:42,7,1,0
BRDA:54,8,0,0
BRDA:54,8,1,0
BRF:18
BRH:0
end_of_record
TN:
SF:/Users/benjaminwilcox/Projects/active/Drawing/server/models/index.js
FNF:0
FNH:0
DA:1,1
LF:1
LH:1
BRF:0
BRH:0
end_of_record
TN:
SF:/Users/benjaminwilcox/Projects/active/Drawing/server/app.js
FN:73,(anonymous_1)
FNF:1
FNH:1
FNDA:1,(anonymous_1)
DA:1,1
DA:2,1
DA:3,1
DA:4,1
DA:5,1
DA:6,1
DA:7,1
DA:8,1
DA:9,1
DA:10,1
DA:17,1
DA:21,1
DA:22,1
DA:23,0
DA:24,0
DA:31,1
DA:37,1
DA:38,1
DA:39,1
DA:40,1
DA:43,1
DA:57,1
DA:58,1
DA:59,1
DA:60,1
DA:70,1
DA:71,1
DA:72,1
DA:73,1
DA:74,1
DA:77,1
LF:31
LH:29
BRDA:22,1,0,0
BRDA:22,1,1,1
BRF:2
BRH:1
end_of_record
TN:
SF:/Users/benjaminwilcox/Projects/active/Drawing/server/routes/index.js
FNF:0
FNH:0
DA:1,1
DA:2,1
DA:3,1
LF:3
LH:3
BRF:0
BRH:0
end_of_record
TN:
SF:/Users/benjaminwilcox/Projects/active/Drawing/server/routes/signup.js
FN:11,(anonymous_1)
FNF:1
FNH:0
FNDA:0,(anonymous_1)
DA:1,1
DA:2,1
DA:3,1
DA:11,1
DA:12,0
DA:13,0
DA:17,1
LF:7
LH:5
BRF:0
BRH:0
end_of_record
TN:
SF:/Users/benjaminwilcox/Projects/active/Drawing/server/controllers/index.js
FNF:0
FNH:0
DA:1,1
LF:1
LH:1
BRF:0
BRH:0
end_of_record
TN:
SF:/Users/benjaminwilcox/Projects/active/Drawing/server/routes/login.js
FN:10,(anonymous_1)
FNF:1
FNH:0
FNDA:0,(anonymous_1)
DA:1,1
DA:2,1
DA:3,1
DA:10,1
DA:11,0
DA:14,1
LF:6
LH:5
BRF:0
BRH:0
end_of_record
TN:
SF:/Users/benjaminwilcox/Projects/active/Drawing/server/routes/session.js
FN:11,(anonymous_1)
FN:28,(anonymous_2)
FNF:2
FNH:0
FNDA:0,(anonymous_1)
FNDA:0,(anonymous_2)
DA:1,1
DA:2,1
DA:3,1
DA:4,1
DA:11,1
DA:12,0
DA:13,0
DA:14,0
DA:15,0
DA:17,0
DA:18,0
DA:28,1
DA:29,0
DA:30,0
DA:31,0
DA:33,1
LF:16
LH:7
BRDA:13,1,0,0
BRDA:13,1,1,0
BRF:2
BRH:0
end_of_record
