TN:
SF:/Users/benjaminwilcox/Projects/active/Drawing/server/models/User.js
FN:62,(anonymous_1)
FN:79,(anonymous_2)
FN:81,(anonymous_3)
FN:93,(anonymous_4)
FN:106,(anonymous_5)
FN:108,(anonymous_6)
FN:131,(anonymous_7)
FN:132,(anonymous_8)
FN:141,(anonymous_9)
FNF:9
FNH:2
FNDA:0,(anonymous_1)
FNDA:0,(anonymous_2)
FNDA:0,(anonymous_3)
FNDA:0,(anonymous_4)
FNDA:2,(anonymous_5)
FNDA:2,(anonymous_6)
FNDA:0,(anonymous_7)
FNDA:0,(anonymous_8)
FNDA:0,(anonymous_9)
DA:1,1
DA:2,1
DA:3,1
DA:4,1
DA:5,1
DA:7,1
DA:34,1
DA:62,1
DA:63,0
DA:79,1
DA:80,0
DA:81,0
DA:82,0
DA:83,0
DA:85,0
DA:93,1
DA:94,0
DA:97,0
DA:106,1
DA:107,2
DA:108,2
DA:109,2
DA:131,1
DA:132,0
DA:134,0
DA:135,0
DA:138,0
DA:139,0
DA:141,0
DA:142,0
DA:143,0
DA:145,0
DA:154,1
DA:157,1
DA:158,1
LF:35
LH:18
BRDA:82,1,0,0
BRDA:82,1,1,0
BRDA:134,2,0,0
BRDA:134,2,1,0
BRDA:138,3,0,0
BRDA:138,3,1,0
BRDA:142,4,0,0
BRDA:142,4,1,0
BRF:8
BRH:0
end_of_record
TN:
SF:/Users/benjaminwilcox/Projects/active/Drawing/server/controllers/User.js
FN:12,(anonymous_1)
FN:16,(anonymous_2)
FN:35,(anonymous_3)
FN:45,(anonymous_4)
FN:53,(anonymous_5)
FNF:5
FNH:0
FNDA:0,(anonymous_1)
FNDA:0,(anonymous_2)
FNDA:0,(anonymous_3)
FNDA:0,(anonymous_4)
FNDA:0,(anonymous_5)
DA:1,1
DA:2,1
DA:12,1
DA:13,0
DA:14,0
DA:16,0
DA:17,0
DA:18,0
DA:20,0
DA:21,0
DA:35,1
DA:36,0
DA:40,0
DA:42,0
DA:43,0
DA:45,0
DA:46,0
DA:52,0
DA:53,0
DA:54,0
DA:55,0
DA:56,0
DA:58,0
DA:59,0
DA:65,1
DA:66,1
LF:26
LH:6
BRDA:13,1,0,0
BRDA:13,1,1,0
BRDA:13,2,0,0
BRDA:13,2,1,0
BRDA:17,3,0,0
BRDA:17,3,1,0
BRDA:17,4,0,0
BRDA:17,4,1,0
BRDA:36,5,0,0
BRDA:36,5,1,0
BRDA:36,6,0,0
BRDA:36,6,1,0
BRDA:36,6,2,0
BRDA:36,6,3,0
BRDA:42,7,0,0
BRDA:42,7,1,0
BRDA:54,8,0,0
BRDA:54,8,1,0
BRF:18
BRH:0
end_of_record
TN:
SF:/Users/benjaminwilcox/Projects/active/Drawing/server/models/index.js
FNF:0
FNH:0
DA:1,1
LF:1
LH:1
BRF:0
BRH:0
end_of_record
